<?xml version="1.0" encoding="UTF-8"?>
<Site BuildName="(empty)"
	BuildStamp="20240904-0306-Experimental"
	Name="keti"
	Generator="ctest-3.16.3"
	CompilerName="/usr/bin/c++"
	CompilerVersion="11.4.0"
	OSName="Linux"
	Hostname="keti"
	OSRelease="5.10.104-g018a5562a"
	OSVersion="#1 SMP PREEMPT Fri Mar 10 11:30:08 IST 2023"
	OSPlatform="aarch64"
	Is64Bits="1"
	VendorString=""
	VendorID="Unknown Manufacturer"
	FamilyID="8"
	ModelID="0"
	ProcessorCacheSize="0"
	NumberOfLogicalCPU="12"
	NumberOfPhysicalCPU="1"
	TotalVirtualMemory="31398"
	TotalPhysicalMemory="62796"
	LogicalProcessorsPerPhysical="12"
	ProcessorClockFrequency="0"
	>
	<Testing>
		<StartDateTime>Sep 04 12:06 KST</StartDateTime>
		<StartTestTime>1725419182</StartTestTime>
		<TestList/>
		<EndDateTime>Sep 04 12:06 KST</EndDateTime>
		<EndTestTime>1725419182</EndTestTime>
		<ElapsedMinutes>0</ElapsedMinutes>
	</Testing>
</Site>
